<?xml version="1.0" encoding="UTF-8"?>
<!-- Generated by org.testng.reporters.JUnitReportReporter -->
<testsuite hostname="DESKTOP-OEVFJIS" failures="0" tests="1" name="All_TestClasses.Test_EditLane_FromTraffic" time="211.162" errors="0" timestamp="2023-05-04T04:39:44 GMT-04:00" skipped="0">
  <testcase classname="All_TestClasses.Test_EditLane_FromTraffic" name="Update_Lane_From_Traffic" time="211.162"/>
  <system-out/>
</testsuite> <!-- All_TestClasses.Test_EditLane_FromTraffic -->
