<?xml version="1.0" encoding="UTF-8"?>
<!-- Generated by org.testng.reporters.JUnitReportReporter -->
<testsuite hostname="DESKTOP-OEVFJIS" failures="0" tests="1" name="All_TestClasses.TestCreate_Multiple_Booking" time="522.500" errors="0" timestamp="2023-05-04T04:39:44 GMT-04:00" skipped="0">
  <testcase classname="All_TestClasses.TestCreate_Multiple_Booking" name="Create_Multiple_Bookings" time="522.500"/>
  <system-out/>
</testsuite> <!-- All_TestClasses.TestCreate_Multiple_Booking -->
