<?xml version="1.0" encoding="UTF-8"?>
<!-- Generated by org.testng.reporters.JUnitReportReporter -->
<testsuite hostname="DESKTOP-OEVFJIS" failures="0" tests="1" name="All_TestClasses.TestEdit_Event_FromViewReservation" time="200.748" errors="0" timestamp="2023-05-16T05:27:57 GMT-04:00" skipped="0">
  <testcase classname="All_TestClasses.TestEdit_Event_FromViewReservation" name="EditEvent_Clicking_on_ViewReservation" time="200.748"/>
  <system-out/>
</testsuite> <!-- All_TestClasses.TestEdit_Event_FromViewReservation -->
