<?xml version="1.0" encoding="UTF-8"?>
<!-- Generated by org.testng.reporters.JUnitReportReporter -->
<testsuite hostname="DESKTOP-OEVFJIS" failures="0" tests="1" name="All_TestClasses.TestAdmin_EditItem_with_Savecard_Info2" time="245.944" errors="0" timestamp="2023-05-17T13:38:47 GMT-04:00" skipped="0">
  <testcase classname="All_TestClasses.TestAdmin_EditItem_with_Savecard_Info2" name="Edit_Item_MakePay_via_SaveCard" time="245.944"/>
  <system-out/>
</testsuite> <!-- All_TestClasses.TestAdmin_EditItem_with_Savecard_Info2 -->
