<?xml version="1.0" encoding="UTF-8"?>
<!-- Generated by org.testng.reporters.JUnitReportReporter -->
<testsuite hostname="DESKTOP-OEVFJIS" failures="0" tests="1" name="All_TestClasses.TestAdmin_Edit_ReservationSlot" time="235.603" errors="0" timestamp="2023-05-11T06:33:16 GMT-04:00" skipped="0">
  <testcase classname="All_TestClasses.TestAdmin_Edit_ReservationSlot" name="Edit_the_ReservationSlot" time="235.603"/>
  <system-out/>
</testsuite> <!-- All_TestClasses.TestAdmin_Edit_ReservationSlot -->
