<?xml version="1.0" encoding="UTF-8"?>
<!-- Generated by org.testng.reporters.JUnitReportReporter -->
<testsuite hostname="DESKTOP-OEVFJIS" failures="0" tests="1" name="All_TestClasses.TestAdmin_EditTime_CreateNewBooking" time="334.146" errors="0" timestamp="2023-05-17T13:38:47 GMT-04:00" skipped="0">
  <testcase classname="All_TestClasses.TestAdmin_EditTime_CreateNewBooking" name="Admin_EditTime_CreateNewBooking" time="334.146"/>
  <system-out/>
</testsuite> <!-- All_TestClasses.TestAdmin_EditTime_CreateNewBooking -->
