<?xml version="1.0" encoding="UTF-8"?>
<!-- Generated by org.testng.reporters.JUnitReportReporter -->
<testsuite hostname="DESKTOP-OEVFJIS" failures="0" tests="1" name="All_TestClasses.TestAdmin_CreateBusiness_Outlet" time="46.278" errors="0" timestamp="2023-03-16T09:42:30 GMT-04:00" skipped="0">
  <testcase classname="All_TestClasses.TestAdmin_CreateBusiness_Outlet" name="Outlet_Creation" time="46.278"/>
  <system-out/>
</testsuite> <!-- All_TestClasses.TestAdmin_CreateBusiness_Outlet -->
