<?xml version="1.0" encoding="UTF-8"?>
<!-- Generated by org.testng.reporters.JUnitReportReporter -->
<testsuite hostname="DESKTOP-OEVFJIS" failures="0" tests="1" name="All_TestClasses.TestBlock_MultipleSlots" time="252.521" errors="0" timestamp="2023-05-04T04:39:44 GMT-04:00" skipped="0">
  <testcase classname="All_TestClasses.TestBlock_MultipleSlots" name="Block_MultipleSlots" time="252.521"/>
  <system-out/>
</testsuite> <!-- All_TestClasses.TestBlock_MultipleSlots -->
