<?xml version="1.0" encoding="UTF-8"?>
<!-- Generated by org.testng.reporters.JUnitReportReporter -->
<testsuite hostname="DESKTOP-OEVFJIS" failures="0" tests="1" name="All_TestClasses.TestCreate_Booking_paymentCard" time="164.497" errors="0" timestamp="2023-05-11T06:33:16 GMT-04:00" skipped="0">
  <testcase classname="All_TestClasses.TestCreate_Booking_paymentCard" name="Create_Booking_pay_ViaCard" time="164.497"/>
  <system-out/>
</testsuite> <!-- All_TestClasses.TestCreate_Booking_paymentCard -->
